Assembled 3646 bytes
Running (speed: max IPS, time limit: 10s)...

[UART RX] 'C'  (0x43)
[UART RX] 'R'  (0x52)
[UART RX] ' '  (0x20)
[UART TX @ 40000] '\n'
[UART RX] 'S'  (0x53)
[UART RX] 'P'  (0x50)
[UART RX] 'A'  (0x41)
[UART RX] 'C'  (0x43)
[UART RX] 'E'  (0x45)
[UART RX] '\n'
[UART TX @ 100000] ' '  (0x20)
[UART TX @ 100000] ' '  (0x20)
[UART TX @ 100000] 'o'  (0x6F)
[UART TX @ 100000] 'k'  (0x6B)
[UART TX @ 100000] '\n'
[UART RX] 'D'  (0x44)
[UART RX] 'E'  (0x45)
[UART RX] 'P'  (0x50)
[UART RX] 'T'  (0x54)
[UART RX] 'H'  (0x48)
[UART RX] ' '  (0x20)
[UART RX] '.'  (0x2E)
[UART RX] '\n'
[UART TX @ 180000] '0'  (0x30)
[UART TX @ 180000] ' '  (0x20)
[UART TX @ 180000] ' '  (0x20)
[UART TX @ 180000] 'o'  (0x6F)
[UART TX @ 180000] 'k'  (0x6B)
[UART TX @ 180000] '\n'

UART output: 
  ok
0  ok


Executed 5000000 instructions
