Assembled 3646 bytes
Running (speed: max IPS, time limit: 10s)...

[UART RX] '9'  (0x39)
[UART RX] '9'  (0x39)
[UART RX] ' '  (0x20)
[UART RX] '>'  (0x3E)
[UART RX] 'R'  (0x52)
[UART RX] ' '  (0x20)
[UART RX] 'R'  (0x52)
[UART RX] '>'  (0x3E)
[UART RX] ' '  (0x20)
[UART RX] '.'  (0x2E)
[UART RX] '\n'
[UART TX @ 120000] '9'  (0x39)
[UART TX @ 120000] '9'  (0x39)
[UART TX @ 120000] ' '  (0x20)
[UART TX @ 120000] ' '  (0x20)
[UART TX @ 120000] 'o'  (0x6F)
[UART TX @ 120000] 'k'  (0x6B)
[UART TX @ 120000] '\n'

UART output: 99  ok


Executed 5000000 instructions
