Assembled 3646 bytes
Running (speed: max IPS, time limit: 10s)...

[UART RX] '1'  (0x31)
[UART RX] ' '  (0x20)
[UART RX] 'L'  (0x4C)
[UART RX] 'E'  (0x45)
[UART RX] 'D'  (0x44)
[UART RX] '!'  (0x21) — halt signal
[UART RX] '\n'
[UART TX @ 80000] ' '  (0x20)
[UART TX @ 80000] 'o'  (0x6F)
[UART TX @ 80000] 'k'  (0x6B)
[UART TX @ 80000] '\n'
[UART RX] 'D'  (0x44)
[UART RX] 'E'  (0x45)
[UART RX] 'P'  (0x50)
[UART RX] 'T'  (0x54)
[UART RX] 'H'  (0x48)
[UART RX] ' '  (0x20)
[UART RX] '.'  (0x2E)
[UART RX] '\n'
[UART TX @ 160000] '0'  (0x30)
[UART TX @ 160000] ' '  (0x20)
[UART TX @ 160000] ' '  (0x20)
[UART TX @ 160000] 'o'  (0x6F)
[UART TX @ 160000] 'k'  (0x6B)
[UART TX @ 160000] '\n'

UART output:  ok
0  ok


Executed 5000000 instructions
