Assembled 3646 bytes
Running (speed: max IPS, time limit: 10s)...

[UART RX] 'D'  (0x44)
[UART RX] 'E'  (0x45)
[UART RX] 'P'  (0x50)
[UART RX] 'T'  (0x54)
[UART RX] 'H'  (0x48)
[UART RX] ' '  (0x20)
[UART RX] '.'  (0x2E)
[UART RX] '\n'
[UART TX @ 90000] '0'  (0x30)
[UART TX @ 90000] ' '  (0x20)
[UART TX @ 90000] ' '  (0x20)
[UART TX @ 90000] 'o'  (0x6F)
[UART TX @ 90000] 'k'  (0x6B)
[UART TX @ 90000] '\n'
[UART RX] '7'  (0x37)
[UART RX] ' '  (0x20)
[UART RX] '2'  (0x32)
[UART RX] ' '  (0x20)
[UART RX] '/'  (0x2F)
[UART RX] 'M'  (0x4D)
[UART RX] 'O'  (0x4F)
[UART RX] 'D'  (0x44)
[UART RX] ' '  (0x20)
[UART RX] '.'  (0x2E)
[UART RX] ' '  (0x20)
[UART TX @ 200000] '3'  (0x33)
[UART TX @ 200000] ' '  (0x20)
[UART RX] '.'  (0x2E)
[UART RX] '\n'
[UART TX @ 220000] '1'  (0x31)
[UART TX @ 220000] ' '  (0x20)
[UART TX @ 220000] ' '  (0x20)
[UART TX @ 220000] 'o'  (0x6F)
[UART TX @ 220000] 'k'  (0x6B)
[UART TX @ 220000] '\n'
[UART RX] 'D'  (0x44)
[UART RX] 'E'  (0x45)
[UART RX] 'P'  (0x50)
[UART RX] 'T'  (0x54)
[UART RX] 'H'  (0x48)
[UART RX] ' '  (0x20)
[UART RX] '.'  (0x2E)
[UART RX] '\n'
[UART TX @ 300000] '0'  (0x30)
[UART TX @ 300000] ' '  (0x20)
[UART TX @ 300000] ' '  (0x20)
[UART TX @ 300000] 'o'  (0x6F)
[UART TX @ 300000] 'k'  (0x6B)
[UART TX @ 300000] '\n'

UART output: 0  ok
3 1  ok
0  ok


Executed 5000000 instructions
