Assembled 3646 bytes
Running (speed: max IPS, time limit: 10s)...

[UART RX] ':'  (0x3A)
[UART RX] ' '  (0x20)
[UART RX] 'N'  (0x4E)
[UART RX] 'E'  (0x45)
[UART RX] 'G'  (0x47)
[UART RX] 'A'  (0x41)
[UART RX] 'T'  (0x54)
[UART RX] 'E'  (0x45)
[UART RX] ' '  (0x20)
[UART RX] '0'  (0x30)
[UART RX] ' '  (0x20)
[UART RX] 'S'  (0x53)
[UART RX] 'W'  (0x57)
[UART RX] 'A'  (0x41)
[UART RX] 'P'  (0x50)
[UART RX] ' '  (0x20)
[UART RX] '-'  (0x2D)
[UART RX] ' '  (0x20)
[UART RX] ';'  (0x3B)
[UART RX] '\n'
[UART TX @ 210000] ' '  (0x20)
[UART TX @ 210000] 'o'  (0x6F)
[UART TX @ 210000] 'k'  (0x6B)
[UART TX @ 210000] '\n'
[UART RX] ':'  (0x3A)
[UART RX] ' '  (0x20)
[UART RX] 'D'  (0x44)
[UART RX] 'O'  (0x4F)
[UART RX] 'U'  (0x55)
[UART RX] 'B'  (0x42)
[UART RX] 'L'  (0x4C)
[UART RX] 'E'  (0x45)
[UART RX] ' '  (0x20)
[UART RX] 'D'  (0x44)
[UART RX] 'U'  (0x55)
[UART RX] 'P'  (0x50)
[UART RX] ' '  (0x20)
[UART RX] '+'  (0x2B)
[UART RX] ' '  (0x20)
[UART RX] ';'  (0x3B)
[UART RX] '\n'
[UART TX @ 380000] ' '  (0x20)
[UART TX @ 380000] 'o'  (0x6F)
[UART TX @ 380000] 'k'  (0x6B)
[UART TX @ 380000] '\n'
[UART RX] ':'  (0x3A)
[UART RX] ' '  (0x20)
[UART RX] 'T'  (0x54)
[UART RX] 'R'  (0x52)
[UART RX] 'I'  (0x49)
[UART RX] 'P'  (0x50)
[UART RX] 'L'  (0x4C)
[UART RX] 'E'  (0x45)
[UART RX] ' '  (0x20)
[UART RX] 'D'  (0x44)
[UART RX] 'U'  (0x55)
[UART RX] 'P'  (0x50)
[UART RX] ' '  (0x20)
[UART RX] 'D'  (0x44)
[UART RX] 'O'  (0x4F)
[UART RX] 'U'  (0x55)
[UART RX] 'B'  (0x42)
[UART RX] 'L'  (0x4C)
[UART RX] 'E'  (0x45)
[UART RX] ' '  (0x20)
[UART RX] '+'  (0x2B)
[UART RX] ' '  (0x20)
[UART RX] ';'  (0x3B)
[UART RX] '\n'
[UART TX @ 620000] ' '  (0x20)
[UART TX @ 620000] 'o'  (0x6F)
[UART TX @ 620000] 'k'  (0x6B)
[UART TX @ 620000] '\n'
[UART RX] '5'  (0x35)
[UART RX] ' '  (0x20)
[UART RX] 'N'  (0x4E)
[UART RX] 'E'  (0x45)
[UART RX] 'G'  (0x47)
[UART RX] 'A'  (0x41)
[UART RX] 'T'  (0x54)
[UART RX] 'E'  (0x45)
[UART RX] ' '  (0x20)
[UART RX] '.'  (0x2E)
[UART RX] '\n'
[UART TX @ 730000] '-'  (0x2D)
[UART TX @ 730000] '5'  (0x35)
[UART TX @ 730000] ' '  (0x20)
[UART TX @ 730000] ' '  (0x20)
[UART TX @ 730000] 'o'  (0x6F)
[UART TX @ 730000] 'k'  (0x6B)
[UART TX @ 730000] '\n'
[UART RX] '3'  (0x33)
[UART RX] ' '  (0x20)
[UART RX] 'D'  (0x44)
[UART RX] 'O'  (0x4F)
[UART RX] 'U'  (0x55)
[UART RX] 'B'  (0x42)
[UART RX] 'L'  (0x4C)
[UART RX] 'E'  (0x45)
[UART RX] ' '  (0x20)
[UART RX] '.'  (0x2E)
[UART RX] '\n'
[UART TX @ 840000] '6'  (0x36)
[UART TX @ 840000] ' '  (0x20)
[UART TX @ 840000] ' '  (0x20)
[UART TX @ 840000] 'o'  (0x6F)
[UART TX @ 840000] 'k'  (0x6B)
[UART TX @ 840000] '\n'
[UART RX] '4'  (0x34)
[UART RX] ' '  (0x20)
[UART RX] 'T'  (0x54)
[UART RX] 'R'  (0x52)
[UART RX] 'I'  (0x49)
[UART RX] 'P'  (0x50)
[UART RX] 'L'  (0x4C)
[UART RX] 'E'  (0x45)
[UART RX] ' '  (0x20)
[UART RX] '.'  (0x2E)
[UART RX] '\n'
[UART TX @ 950000] '1'  (0x31)
[UART TX @ 950000] '2'  (0x32)
[UART TX @ 950000] ' '  (0x20)
[UART TX @ 950000] ' '  (0x20)
[UART TX @ 950000] 'o'  (0x6F)
[UART TX @ 950000] 'k'  (0x6B)
[UART TX @ 950000] '\n'
[UART RX] '7'  (0x37)
[UART RX] ' '  (0x20)
[UART RX] '3'  (0x33)
[UART RX] ' '  (0x20)
[UART RX] '*'  (0x2A)
[UART RX] ' '  (0x20)
[UART RX] '.'  (0x2E)

UART output:  ok
 ok
 ok
-5  ok
6  ok
12  ok


Executed 5000000 instructions
