Assembled 3646 bytes
Running (speed: max IPS, time limit: 10s)...

[UART RX] '1'  (0x31)
[UART RX] ' '  (0x20)
[UART RX] '2'  (0x32)
[UART RX] ' '  (0x20)
[UART RX] 'S'  (0x53)
[UART RX] 'W'  (0x57)
[UART RX] 'A'  (0x41)
[UART RX] 'P'  (0x50)
[UART RX] ' '  (0x20)
[UART RX] '.'  (0x2E)
[UART RX] ' '  (0x20)
[UART TX @ 120000] '1'  (0x31)
[UART TX @ 120000] ' '  (0x20)
[UART RX] '.'  (0x2E)
[UART RX] '\n'
[UART TX @ 140000] '2'  (0x32)
[UART TX @ 140000] ' '  (0x20)
[UART TX @ 140000] ' '  (0x20)
[UART TX @ 140000] 'o'  (0x6F)
[UART TX @ 140000] 'k'  (0x6B)
[UART TX @ 140000] '\n'

UART output: 1 2  ok


Executed 5000000 instructions
