Assembled 3646 bytes
Running (speed: max IPS, time limit: 10s)...

[UART RX] '5'  (0x35)
[UART RX] ' '  (0x20)
[UART RX] 'D'  (0x44)
[UART RX] 'U'  (0x55)
[UART RX] 'P'  (0x50)
[UART RX] ' '  (0x20)
[UART RX] '+'  (0x2B)
[UART RX] ' '  (0x20)
[UART RX] '.'  (0x2E)
[UART RX] '\n'
[UART TX @ 110000] '1'  (0x31)
[UART TX @ 110000] '0'  (0x30)
[UART TX @ 110000] ' '  (0x20)
[UART TX @ 110000] ' '  (0x20)
[UART TX @ 110000] 'o'  (0x6F)
[UART TX @ 110000] 'k'  (0x6B)
[UART TX @ 110000] '\n'

UART output: 10  ok


Executed 5000000 instructions
