Assembled 3646 bytes
Running (speed: max IPS, time limit: 10s)...

[UART RX] 'H'  (0x48)
[UART RX] 'E'  (0x45)
[UART RX] 'R'  (0x52)
[UART RX] 'E'  (0x45)
[UART RX] ' '  (0x20)
[UART RX] '@'  (0x40)
[UART RX] ' '  (0x20)
[UART RX] 'H'  (0x48)
[UART RX] 'E'  (0x45)
[UART RX] 'R'  (0x52)
[UART RX] 'E'  (0x45)
[UART RX] ' '  (0x20)
[UART RX] '@'  (0x40)
[UART RX] ' '  (0x20)
[UART RX] '='  (0x3D)
[UART RX] ' '  (0x20)
[UART RX] '.'  (0x2E)
[UART RX] '\n'
[UART TX @ 190000] '-'  (0x2D)
[UART TX @ 190000] '1'  (0x31)
[UART TX @ 190000] ' '  (0x20)
[UART TX @ 190000] ' '  (0x20)
[UART TX @ 190000] 'o'  (0x6F)
[UART TX @ 190000] 'k'  (0x6B)
[UART TX @ 190000] '\n'

UART output: -1  ok


Executed 5000000 instructions
