Assembled 3646 bytes
Running (speed: max IPS, time limit: 10s)...

[UART RX] 'H'  (0x48)
[UART RX] 'E'  (0x45)
[UART RX] 'X'  (0x58)
[UART RX] ' '  (0x20)
[UART RX] 'A'  (0x41)
[UART RX] ' '  (0x20)
[UART RX] '.'  (0x2E)
[UART RX] ' '  (0x20)
[UART TX @ 90000] 'A'  (0x41)
[UART TX @ 90000] ' '  (0x20)
[UART RX] 'D'  (0x44)
[UART RX] 'E'  (0x45)
[UART RX] 'C'  (0x43)
[UART RX] 'I'  (0x49)
[UART RX] 'M'  (0x4D)
[UART RX] 'A'  (0x41)
[UART RX] 'L'  (0x4C)
[UART RX] '\n'
[UART TX @ 170000] ' '  (0x20)
[UART TX @ 170000] 'o'  (0x6F)
[UART TX @ 170000] 'k'  (0x6B)
[UART TX @ 170000] '\n'

UART output: A  ok


Executed 5000000 instructions
