Assembled 3646 bytes
Running (speed: max IPS, time limit: 10s)...

[UART RX] '1'  (0x31)
[UART RX] ' '  (0x20)
[UART RX] '2'  (0x32)
[UART RX] ' '  (0x20)
[UART RX] '3'  (0x33)
[UART RX] ' '  (0x20)
[UART RX] '.'  (0x2E)
[UART RX] 'S'  (0x53)
[UART RX] '\n'
[UART TX @ 100000] '<'  (0x3C)
[UART TX @ 100000] '3'  (0x33)
[UART TX @ 100000] '>'  (0x3E)
[UART TX @ 100000] ' '  (0x20)
[UART TX @ 100000] '1'  (0x31)
[UART TX @ 100000] ' '  (0x20)
[UART TX @ 100000] '2'  (0x32)
[UART TX @ 100000] ' '  (0x20)
[UART TX @ 100000] '3'  (0x33)
[UART TX @ 100000] ' '  (0x20)
[UART TX @ 100000] ' '  (0x20)
[UART TX @ 100000] 'o'  (0x6F)
[UART TX @ 100000] 'k'  (0x6B)
[UART TX @ 100000] '\n'

UART output: <3> 1 2 3  ok


Executed 5000000 instructions
