Assembled 3646 bytes
Running (speed: max IPS, time limit: 10s)...

[UART RX] '7'  (0x37)
[UART RX] ' '  (0x20)
[UART RX] '3'  (0x33)
[UART RX] ' '  (0x20)
[UART RX] 'A'  (0x41)
[UART RX] 'N'  (0x4E)
[UART RX] 'D'  (0x44)
[UART RX] ' '  (0x20)
[UART RX] '.'  (0x2E)
[UART RX] '\n'
[UART TX @ 110000] '3'  (0x33)
[UART TX @ 110000] ' '  (0x20)
[UART TX @ 110000] ' '  (0x20)
[UART TX @ 110000] 'o'  (0x6F)
[UART TX @ 110000] 'k'  (0x6B)
[UART TX @ 110000] '\n'

UART output: 3  ok


Executed 5000000 instructions
