Assembled 3646 bytes
Running (speed: max IPS, time limit: 10s)...

[UART RX] '5'  (0x35)
[UART RX] ' '  (0x20)
[UART RX] '3'  (0x33)
[UART RX] ' '  (0x20)
[UART RX] 'X'  (0x58)
[UART RX] 'O'  (0x4F)
[UART RX] 'R'  (0x52)
[UART RX] ' '  (0x20)
[UART RX] '.'  (0x2E)
[UART RX] '\n'
[UART TX @ 110000] '6'  (0x36)
[UART TX @ 110000] ' '  (0x20)
[UART TX @ 110000] ' '  (0x20)
[UART TX @ 110000] 'o'  (0x6F)
[UART TX @ 110000] 'k'  (0x6B)
[UART TX @ 110000] '\n'

UART output: 6  ok


Executed 5000000 instructions
