Assembled 3646 bytes
Running (speed: max IPS, time limit: 10s)...

[UART RX] '1'  (0x31)
[UART RX] ' '  (0x20)
[UART RX] '2'  (0x32)
[UART RX] ' '  (0x20)
[UART RX] '3'  (0x33)
[UART RX] ' '  (0x20)
[UART RX] 'D'  (0x44)
[UART RX] 'E'  (0x45)
[UART RX] 'P'  (0x50)
[UART RX] 'T'  (0x54)
[UART RX] 'H'  (0x48)
[UART RX] ' '  (0x20)
[UART RX] '.'  (0x2E)
[UART RX] '\n'
[UART TX @ 150000] '3'  (0x33)
[UART TX @ 150000] ' '  (0x20)
[UART TX @ 150000] ' '  (0x20)
[UART TX @ 150000] 'o'  (0x6F)
[UART TX @ 150000] 'k'  (0x6B)
[UART TX @ 150000] '\n'

UART output: 3  ok


Executed 5000000 instructions
