Assembled 3646 bytes
Running (speed: max IPS, time limit: 10s)...

[UART RX] ':'  (0x3A)
[UART RX] ' '  (0x20)
[UART RX] 'S'  (0x53)
[UART RX] 'T'  (0x54)
[UART RX] 'A'  (0x41)
[UART RX] 'R'  (0x52)
[UART RX] ' '  (0x20)
[UART RX] '4'  (0x34)
[UART RX] '2'  (0x32)
[UART RX] ' '  (0x20)
[UART RX] 'E'  (0x45)
[UART RX] 'M'  (0x4D)
[UART RX] 'I'  (0x49)
[UART RX] 'T'  (0x54)
[UART RX] ' '  (0x20)
[UART RX] ';'  (0x3B)
[UART RX] '\n'
[UART TX @ 180000] ' '  (0x20)
[UART TX @ 180000] 'o'  (0x6F)
[UART TX @ 180000] 'k'  (0x6B)
[UART TX @ 180000] '\n'
[UART RX] ':'  (0x3A)
[UART RX] ' '  (0x20)
[UART RX] 'S'  (0x53)
[UART RX] 'T'  (0x54)
[UART RX] 'A'  (0x41)
[UART RX] 'R'  (0x52)
[UART RX] 'S'  (0x53)
[UART RX] ' '  (0x20)
[UART RX] 'S'  (0x53)
[UART RX] 'T'  (0x54)
[UART RX] 'A'  (0x41)
[UART RX] 'R'  (0x52)
[UART RX] ' '  (0x20)
[UART RX] 'S'  (0x53)
[UART RX] 'T'  (0x54)
[UART RX] 'A'  (0x41)
[UART RX] 'R'  (0x52)
[UART RX] ' '  (0x20)
[UART RX] 'S'  (0x53)
[UART RX] 'T'  (0x54)
[UART RX] 'A'  (0x41)
[UART RX] 'R'  (0x52)
[UART RX] ' '  (0x20)
[UART RX] 'S'  (0x53)
[UART RX] 'T'  (0x54)
[UART RX] 'A'  (0x41)
[UART RX] 'R'  (0x52)
[UART RX] ' '  (0x20)
[UART RX] 'S'  (0x53)
[UART RX] 'T'  (0x54)
[UART RX] 'A'  (0x41)
[UART RX] 'R'  (0x52)
[UART RX] ' '  (0x20)
[UART RX] ';'  (0x3B)
[UART RX] '\n'
[UART TX @ 530000] ' '  (0x20)
[UART TX @ 530000] 'o'  (0x6F)
[UART TX @ 530000] 'k'  (0x6B)
[UART TX @ 530000] '\n'
[UART RX] ':'  (0x3A)
[UART RX] ' '  (0x20)
[UART RX] 'N'  (0x4E)
[UART RX] 'L'  (0x4C)
[UART RX] ' '  (0x20)
[UART RX] '1'  (0x31)
[UART RX] '0'  (0x30)
[UART RX] ' '  (0x20)
[UART RX] 'E'  (0x45)
[UART RX] 'M'  (0x4D)
[UART RX] 'I'  (0x49)
[UART RX] 'T'  (0x54)
[UART RX] ' '  (0x20)
[UART RX] ';'  (0x3B)
[UART RX] '\n'
[UART TX @ 680000] ' '  (0x20)
[UART TX @ 680000] 'o'  (0x6F)
[UART TX @ 680000] 'k'  (0x6B)
[UART TX @ 680000] '\n'
[UART RX] 'S'  (0x53)
[UART RX] 'T'  (0x54)
[UART RX] 'A'  (0x41)
[UART RX] 'R'  (0x52)
[UART RX] 'S'  (0x53)
[UART RX] ' '  (0x20)
[UART TX @ 740000] '*'  (0x2A)
[UART TX @ 740000] '*'  (0x2A)
[UART TX @ 740000] '*'  (0x2A)
[UART TX @ 740000] '*'  (0x2A)
[UART TX @ 740000] '*'  (0x2A)
[UART RX] 'N'  (0x4E)
[UART RX] 'L'  (0x4C)
[UART RX] '\n'
[UART TX @ 770000] '\n'
[UART TX @ 770000] ' '  (0x20)
[UART TX @ 770000] 'o'  (0x6F)
[UART TX @ 770000] 'k'  (0x6B)
[UART TX @ 770000] '\n'
[UART RX] 'S'  (0x53)
[UART RX] 'T'  (0x54)
[UART RX] 'A'  (0x41)
[UART RX] 'R'  (0x52)
[UART RX] ' '  (0x20)
[UART TX @ 820000] '*'  (0x2A)
[UART RX] 'S'  (0x53)
[UART RX] 'T'  (0x54)
[UART RX] 'A'  (0x41)
[UART RX] 'R'  (0x52)
[UART RX] ' '  (0x20)
[UART TX @ 870000] '*'  (0x2A)
[UART RX] 'N'  (0x4E)
[UART RX] 'L'  (0x4C)
[UART RX] '\n'
[UART TX @ 900000] '\n'
[UART TX @ 900000] ' '  (0x20)
[UART TX @ 900000] 'o'  (0x6F)
[UART TX @ 900000] 'k'  (0x6B)
[UART TX @ 900000] '\n'
[UART RX] 'S'  (0x53)
[UART RX] 'T'  (0x54)
[UART RX] 'A'  (0x41)
[UART RX] 'R'  (0x52)
[UART RX] 'S'  (0x53)
[UART RX] ' '  (0x20)
[UART TX @ 960000] '*'  (0x2A)
[UART TX @ 960000] '*'  (0x2A)
[UART TX @ 960000] '*'  (0x2A)
[UART TX @ 960000] '*'  (0x2A)
[UART TX @ 960000] '*'  (0x2A)
[UART RX] 'S'  (0x53)
[UART RX] 'T'  (0x54)
[UART RX] 'A'  (0x41)
[UART RX] 'R'  (0x52)
[UART RX] 'S'  (0x53)
[UART RX] ' '  (0x20)
[UART TX @ 1020000] '*'  (0x2A)
[UART TX @ 1020000] '*'  (0x2A)
[UART TX @ 1020000] '*'  (0x2A)
[UART TX @ 1020000] '*'  (0x2A)
[UART TX @ 1020000] '*'  (0x2A)
[UART RX] 'N'  (0x4E)
[UART RX] 'L'  (0x4C)

UART output:  ok
 ok
 ok
*****
 ok
**
 ok
**********

Executed 5000000 instructions
