Assembled 3646 bytes
Running (speed: max IPS, time limit: 10s)...

[UART RX] '1'  (0x31)
[UART RX] ' '  (0x20)
[UART RX] '2'  (0x32)
[UART RX] ' '  (0x20)
[UART RX] '3'  (0x33)
[UART RX] ' '  (0x20)
[UART RX] '.'  (0x2E)
[UART RX] 'S'  (0x53)
[UART RX] '\n'
[UART TX @ 100000] '<'  (0x3C)
[UART TX @ 100000] '3'  (0x33)
[UART TX @ 100000] '>'  (0x3E)
[UART TX @ 100000] ' '  (0x20)
[UART TX @ 100000] '1'  (0x31)
[UART TX @ 100000] ' '  (0x20)
[UART TX @ 100000] '2'  (0x32)
[UART TX @ 100000] ' '  (0x20)
[UART TX @ 100000] '3'  (0x33)
[UART TX @ 100000] ' '  (0x20)
[UART TX @ 100000] ' '  (0x20)
[UART TX @ 100000] 'o'  (0x6F)
[UART TX @ 100000] 'k'  (0x6B)
[UART TX @ 100000] '\n'
[UART RX] '.'  (0x2E)
[UART RX] 'S'  (0x53)
[UART RX] '\n'
[UART TX @ 130000] '<'  (0x3C)
[UART TX @ 130000] '3'  (0x33)
[UART TX @ 130000] '>'  (0x3E)
[UART TX @ 130000] ' '  (0x20)
[UART TX @ 130000] '1'  (0x31)
[UART TX @ 130000] ' '  (0x20)
[UART TX @ 130000] '2'  (0x32)
[UART TX @ 130000] ' '  (0x20)
[UART TX @ 130000] '3'  (0x33)
[UART TX @ 130000] ' '  (0x20)
[UART TX @ 130000] ' '  (0x20)
[UART TX @ 130000] 'o'  (0x6F)
[UART TX @ 130000] 'k'  (0x6B)
[UART TX @ 130000] '\n'
[UART RX] '.'  (0x2E)
[UART RX] 'S'  (0x53)
[UART RX] '\n'
[UART TX @ 160000] '<'  (0x3C)
[UART TX @ 160000] '3'  (0x33)
[UART TX @ 160000] '>'  (0x3E)
[UART TX @ 160000] ' '  (0x20)
[UART TX @ 160000] '1'  (0x31)
[UART TX @ 160000] ' '  (0x20)
[UART TX @ 160000] '2'  (0x32)
[UART TX @ 160000] ' '  (0x20)
[UART TX @ 160000] '3'  (0x33)
[UART TX @ 160000] ' '  (0x20)
[UART TX @ 160000] ' '  (0x20)
[UART TX @ 160000] 'o'  (0x6F)
[UART TX @ 160000] 'k'  (0x6B)
[UART TX @ 160000] '\n'
[UART RX] 'D'  (0x44)
[UART RX] 'E'  (0x45)
[UART RX] 'P'  (0x50)
[UART RX] 'T'  (0x54)
[UART RX] 'H'  (0x48)
[UART RX] ' '  (0x20)
[UART RX] '.'  (0x2E)
[UART RX] '\n'
[UART TX @ 240000] '3'  (0x33)
[UART TX @ 240000] ' '  (0x20)
[UART TX @ 240000] ' '  (0x20)
[UART TX @ 240000] 'o'  (0x6F)
[UART TX @ 240000] 'k'  (0x6B)
[UART TX @ 240000] '\n'

UART output: <3> 1 2 3  ok
<3> 1 2 3  ok
<3> 1 2 3  ok
3  ok


Executed 5000000 instructions
