Assembled 3676 bytes
Running (speed: max IPS, time limit: 10s)...

[UART RX] 'W'  (0x57)
[UART RX] 'O'  (0x4F)
[UART RX] 'R'  (0x52)
[UART RX] 'D'  (0x44)
[UART RX] 'S'  (0x53)
[UART RX] '\n'
[UART TX @ 70000] 'V'  (0x56)
[UART TX @ 70000] 'E'  (0x45)
[UART TX @ 70000] 'R'  (0x52)
[UART TX @ 70000] ' '  (0x20)
[UART TX @ 70000] 'U'  (0x55)
[UART TX @ 70000] 'N'  (0x4E)
[UART TX @ 70000] 'T'  (0x54)
[UART TX @ 70000] 'I'  (0x49)
[UART TX @ 70000] 'L'  (0x4C)
[UART TX @ 70000] ' '  (0x20)
[UART TX @ 70000] 'B'  (0x42)
[UART TX @ 70000] 'Y'  (0x59)
[UART TX @ 70000] 'E'  (0x45)
[UART TX @ 70000] ' '  (0x20)
[UART TX @ 70000] 'B'  (0x42)
[UART TX @ 70000] 'E'  (0x45)
[UART TX @ 70000] 'G'  (0x47)
[UART TX @ 70000] 'I'  (0x49)
[UART TX @ 70000] 'N'  (0x4E)
[UART TX @ 70000] ' '  (0x20)
[UART TX @ 70000] 'E'  (0x45)
[UART TX @ 70000] 'L'  (0x4C)
[UART TX @ 70000] 'S'  (0x53)
[UART TX @ 70000] 'E'  (0x45)
[UART TX @ 70000] ' '  (0x20)
[UART TX @ 70000] 'T'  (0x54)
[UART TX @ 70000] 'H'  (0x48)
[UART TX @ 70000] 'E'  (0x45)
[UART TX @ 70000] 'N'  (0x4E)
[UART TX @ 70000] ' '  (0x20)
[UART TX @ 70000] 'I'  (0x49)
[UART TX @ 70000] 'F'  (0x46)
[UART TX @ 70000] ' '  (0x20)
[UART TX @ 70000] '\'  (0x5C)
[UART TX @ 70000] ' '  (0x20)
[UART TX @ 70000] '('  (0x28)
[UART TX @ 70000] ' '  (0x20)
[UART TX @ 70000] 'W'  (0x57)
[UART TX @ 70000] 'O'  (0x4F)
[UART TX @ 70000] 'R'  (0x52)
[UART TX @ 70000] 'D'  (0x44)
[UART TX @ 70000] 'S'  (0x53)
[UART TX @ 70000] ' '  (0x20)
[UART TX @ 70000] '.'  (0x2E)
[UART TX @ 70000] 'S'  (0x53)
[UART TX @ 70000] ' '  (0x20)
[UART TX @ 70000] 'D'  (0x44)
[UART TX @ 70000] 'E'  (0x45)
[UART TX @ 70000] 'P'  (0x50)
[UART TX @ 70000] 'T'  (0x54)
[UART TX @ 70000] 'H'  (0x48)
[UART TX @ 70000] ' '  (0x20)
[UART TX @ 70000] 'H'  (0x48)
[UART TX @ 70000] 'E'  (0x45)
[UART TX @ 70000] 'X'  (0x58)
[UART TX @ 70000] ' '  (0x20)
[UART TX @ 70000] 'D'  (0x44)
[UART TX @ 70000] 'E'  (0x45)
[UART TX @ 70000] 'C'  (0x43)
[UART TX @ 70000] 'I'  (0x49)
[UART TX @ 70000] 'M'  (0x4D)
[UART TX @ 70000] 'A'  (0x41)
[UART TX @ 70000] 'L'  (0x4C)
[UART TX @ 70000] ' '  (0x20)
[UART TX @ 70000] 'S'  (0x53)
[UART TX @ 70000] 'P'  (0x50)
[UART TX @ 70000] 'A'  (0x41)
[UART TX @ 70000] 'C'  (0x43)
[UART TX @ 70000] 'E'  (0x45)
[UART TX @ 70000] ' '  (0x20)
[UART TX @ 70000] 'C'  (0x43)
[UART TX @ 70000] 'R'  (0x52)
[UART TX @ 70000] ' '  (0x20)
[UART TX @ 70000] 'Q'  (0x51)
[UART TX @ 70000] 'U'  (0x55)
[UART TX @ 70000] 'I'  (0x49)
[UART TX @ 70000] 'T'  (0x54)
[UART TX @ 70000] ' '  (0x20)
[UART TX @ 70000] 'I'  (0x49)
[UART TX @ 70000] 'N'  (0x4E)
[UART TX @ 70000] 'T'  (0x54)
[UART TX @ 70000] 'E'  (0x45)
[UART TX @ 70000] 'R'  (0x52)
[UART TX @ 70000] 'P'  (0x50)
[UART TX @ 70000] 'R'  (0x52)
[UART TX @ 70000] 'E'  (0x45)
[UART TX @ 70000] 'T'  (0x54)
[UART TX @ 70000] ' '  (0x20)
[UART TX @ 70000] 'N'  (0x4E)
[UART TX @ 70000] 'U'  (0x55)
[UART TX @ 70000] 'M'  (0x4D)
[UART TX @ 70000] 'B'  (0x42)
[UART TX @ 70000] 'E'  (0x45)
[UART TX @ 70000] 'R'  (0x52)
[UART TX @ 70000] ' '  (0x20)
[UART TX @ 70000] '.'  (0x2E)
[UART TX @ 70000] ' '  (0x20)
[UART TX @ 70000] 'S'  (0x53)
[UART TX @ 70000] 'W'  (0x57)
[UART TX @ 70000] '?'  (0x3F)
[UART TX @ 70000] ' '  (0x20)
[UART TX @ 70000] 'L'  (0x4C)
[UART TX @ 70000] 'E'  (0x45)
[UART TX @ 70000] 'D'  (0x44)
[UART TX @ 70000] '!'  (0x21)
[UART TX @ 70000] ' '  (0x20)
[UART TX @ 70000] 'I'  (0x49)
[UART TX @ 70000] 'M'  (0x4D)
[UART TX @ 70000] 'M'  (0x4D)
[UART TX @ 70000] 'E'  (0x45)
[UART TX @ 70000] 'D'  (0x44)
[UART TX @ 70000] 'I'  (0x49)
[UART TX @ 70000] 'A'  (0x41)
[UART TX @ 70000] 'T'  (0x54)
[UART TX @ 70000] 'E'  (0x45)
[UART TX @ 70000] ' '  (0x20)
[UART TX @ 70000] ';'  (0x3B)
[UART TX @ 70000] ' '  (0x20)
[UART TX @ 70000] ':'  (0x3A)
[UART TX @ 70000] ' '  (0x20)
[UART TX @ 70000] 'C'  (0x43)
[UART TX @ 70000] 'R'  (0x52)
[UART TX @ 70000] 'E'  (0x45)
[UART TX @ 70000] 'A'  (0x41)
[UART TX @ 70000] 'T'  (0x54)
[UART TX @ 70000] 'E'  (0x45)
[UART TX @ 70000] ' '  (0x20)
[UART TX @ 70000] 'W'  (0x57)
[UART TX @ 70000] 'O'  (0x4F)
[UART TX @ 70000] 'R'  (0x52)
[UART TX @ 70000] 'D'  (0x44)
[UART TX @ 70000] ' '  (0x20)
[UART TX @ 70000] 'F'  (0x46)
[UART TX @ 70000] 'I'  (0x49)
[UART TX @ 70000] 'N'  (0x4E)
[UART TX @ 70000] 'D'  (0x44)
[UART TX @ 70000] ' '  (0x20)
[UART TX @ 70000] ']'  (0x5D)
[UART TX @ 70000] ' '  (0x20)
[UART TX @ 70000] '['  (0x5B)
[UART TX @ 70000] ' '  (0x20)
[UART TX @ 70000] 'A'  (0x41)
[UART TX @ 70000] 'L'  (0x4C)
[UART TX @ 70000] 'L'  (0x4C)
[UART TX @ 70000] 'O'  (0x4F)
[UART TX @ 70000] 'T'  (0x54)
[UART TX @ 70000] ' '  (0x20)
[UART TX @ 70000] 'C'  (0x43)
[UART TX @ 70000] ','  (0x2C)
[UART TX @ 70000] ' '  (0x20)
[UART TX @ 70000] ','  (0x2C)
[UART TX @ 70000] ' '  (0x20)
[UART TX @ 70000] 'B'  (0x42)
[UART TX @ 70000] 'A'  (0x41)
[UART TX @ 70000] 'S'  (0x53)
[UART TX @ 70000] 'E'  (0x45)
[UART TX @ 70000] ' '  (0x20)
[UART TX @ 70000] 'S'  (0x53)
[UART TX @ 70000] 'T'  (0x54)
[UART TX @ 70000] 'A'  (0x41)
[UART TX @ 70000] 'T'  (0x54)
[UART TX @ 70000] 'E'  (0x45)
[UART TX @ 70000] ' '  (0x20)
[UART TX @ 70000] 'L'  (0x4C)
[UART TX @ 70000] 'A'  (0x41)
[UART TX @ 70000] 'T'  (0x54)
[UART TX @ 70000] 'E'  (0x45)
[UART TX @ 70000] 'S'  (0x53)
[UART TX @ 70000] 'T'  (0x54)
[UART TX @ 70000] ' '  (0x20)
[UART TX @ 70000] 'H'  (0x48)
[UART TX @ 70000] 'E'  (0x45)
[UART TX @ 70000] 'R'  (0x52)
[UART TX @ 70000] 'E'  (0x45)
[UART TX @ 70000] ' '  (0x20)
[UART TX @ 70000] 'E'  (0x45)
[UART TX @ 70000] 'X'  (0x58)
[UART TX @ 70000] 'E'  (0x45)
[UART TX @ 70000] 'C'  (0x43)
[UART TX @ 70000] 'U'  (0x55)
[UART TX @ 70000] 'T'  (0x54)
[UART TX @ 70000] 'E'  (0x45)
[UART TX @ 70000] ' '  (0x20)
[UART TX @ 70000] 'C'  (0x43)
[UART TX @ 70000] '!'  (0x21)
[UART TX @ 70000] ' '  (0x20)
[UART TX @ 70000] 'C'  (0x43)
[UART TX @ 70000] '@'  (0x40)
[UART TX @ 70000] ' '  (0x20)
[UART TX @ 70000] '!'  (0x21)
[UART TX @ 70000] ' '  (0x20)
[UART TX @ 70000] '@'  (0x40)
[UART TX @ 70000] ' '  (0x20)
[UART TX @ 70000] 'R'  (0x52)
[UART TX @ 70000] '@'  (0x40)
[UART TX @ 70000] ' '  (0x20)
[UART TX @ 70000] 'R'  (0x52)
[UART TX @ 70000] '>'  (0x3E)
[UART TX @ 70000] ' '  (0x20)
[UART TX @ 70000] '>'  (0x3E)
[UART TX @ 70000] 'R'  (0x52)
[UART TX @ 70000] ' '  (0x20)
[UART TX @ 70000] 'O'  (0x4F)
[UART TX @ 70000] 'V'  (0x56)
[UART TX @ 70000] 'E'  (0x45)
[UART TX @ 70000] 'R'  (0x52)
[UART TX @ 70000] ' '  (0x20)
[UART TX @ 70000] 'S'  (0x53)
[UART TX @ 70000] 'W'  (0x57)
[UART TX @ 70000] 'A'  (0x41)
[UART TX @ 70000] 'P'  (0x50)
[UART TX @ 70000] ' '  (0x20)
[UART TX @ 70000] 'D'  (0x44)
[UART TX @ 70000] 'U'  (0x55)
[UART TX @ 70000] 'P'  (0x50)
[UART TX @ 70000] ' '  (0x20)
[UART TX @ 70000] 'D'  (0x44)
[UART TX @ 70000] 'R'  (0x52)
[UART TX @ 70000] 'O'  (0x4F)
[UART TX @ 70000] 'P'  (0x50)
[UART TX @ 70000] ' '  (0x20)
[UART TX @ 70000] '0'  (0x30)
[UART TX @ 70000] '='  (0x3D)
[UART TX @ 70000] ' '  (0x20)
[UART TX @ 70000] '<'  (0x3C)
[UART TX @ 70000] ' '  (0x20)
[UART TX @ 70000] '='  (0x3D)
[UART TX @ 70000] ' '  (0x20)
[UART TX @ 70000] 'X'  (0x58)
[UART TX @ 70000] 'O'  (0x4F)
[UART TX @ 70000] 'R'  (0x52)
[UART TX @ 70000] ' '  (0x20)
[UART TX @ 70000] 'O'  (0x4F)
[UART TX @ 70000] 'R'  (0x52)
[UART TX @ 70000] ' '  (0x20)
[UART TX @ 70000] 'A'  (0x41)
[UART TX @ 70000] 'N'  (0x4E)
[UART TX @ 70000] 'D'  (0x44)
[UART TX @ 70000] ' '  (0x20)
[UART TX @ 70000] '/'  (0x2F)
[UART TX @ 70000] 'M'  (0x4D)
[UART TX @ 70000] 'O'  (0x4F)
[UART TX @ 70000] 'D'  (0x44)
[UART TX @ 70000] ' '  (0x20)
[UART TX @ 70000] '-'  (0x2D)
[UART TX @ 70000] ' '  (0x20)
[UART TX @ 70000] '*'  (0x2A)
[UART TX @ 70000] ' '  (0x20)
[UART TX @ 70000] '+'  (0x2B)
[UART TX @ 70000] ' '  (0x20)
[UART TX @ 70000] 'E'  (0x45)
[UART TX @ 70000] 'X'  (0x58)
[UART TX @ 70000] 'I'  (0x49)
[UART TX @ 70000] 'T'  (0x54)
[UART TX @ 70000] ' '  (0x20)
[UART TX @ 70000] 'K'  (0x4B)
[UART TX @ 70000] 'E'  (0x45)
[UART TX @ 70000] 'Y'  (0x59)
[UART TX @ 70000] ' '  (0x20)
[UART TX @ 70000] 'E'  (0x45)
[UART TX @ 70000] 'M'  (0x4D)
[UART TX @ 70000] 'I'  (0x49)
[UART TX @ 70000] 'T'  (0x54)
[UART TX @ 70000] ' '  (0x20)
[UART TX @ 70000] ' '  (0x20)
[UART TX @ 70000] 'o'  (0x6F)
[UART TX @ 70000] 'k'  (0x6B)
[UART TX @ 70000] '\n'
[UART RX] 'D'  (0x44)
[UART RX] 'E'  (0x45)
[UART RX] 'P'  (0x50)
[UART RX] 'T'  (0x54)
[UART RX] 'H'  (0x48)
[UART RX] ' '  (0x20)
[UART RX] '.'  (0x2E)
[UART RX] '\n'
[UART TX @ 150000] '0'  (0x30)
[UART TX @ 150000] ' '  (0x20)
[UART TX @ 150000] ' '  (0x20)
[UART TX @ 150000] 'o'  (0x6F)
[UART TX @ 150000] 'k'  (0x6B)
[UART TX @ 150000] '\n'

UART output: VER UNTIL BYE BEGIN ELSE THEN IF \ ( WORDS .S DEPTH HEX DECIMAL SPACE CR QUIT INTERPRET NUMBER . SW? LED! IMMEDIATE ; : CREATE WORD FIND ] [ ALLOT C, , BASE STATE LATEST HERE EXECUTE C! C@ ! @ R@ R> >R OVER SWAP DUP DROP 0= < = XOR OR AND /MOD - * + EXIT KEY EMIT  ok
0  ok


Executed 5000000 instructions
