Assembled 3919 bytes
Running (speed: max IPS, time limit: 10s)...

[UART RX] ':'  (0x3A)
[UART RX] 'N'  (0x4E)
[UART RX] 'O'  (0x4F)
[UART RX] 'N'  (0x4E)
[UART RX] 'A'  (0x41)
[UART RX] 'M'  (0x4D)
[UART RX] 'E'  (0x45)
[UART RX] ' '  (0x20)
[UART RX] '6'  (0x36)
[UART RX] '5'  (0x35)
[UART RX] ' '  (0x20)
[UART RX] 'E'  (0x45)
[UART RX] 'M'  (0x4D)
[UART RX] 'I'  (0x49)
[UART RX] 'T'  (0x54)
[UART RX] ' '  (0x20)
[UART RX] '1'  (0x31)
[UART RX] '0'  (0x30)
[UART RX] ' '  (0x20)
[UART RX] 'E'  (0x45)
[UART RX] 'M'  (0x4D)
[UART RX] 'I'  (0x49)
[UART RX] 'T'  (0x54)
[UART RX] ' '  (0x20)
[UART RX] ';'  (0x3B)
[UART RX] ' '  (0x20)
[UART RX] 'E'  (0x45)
[UART RX] 'X'  (0x58)
[UART RX] 'E'  (0x45)
[UART RX] 'C'  (0x43)
[UART RX] 'U'  (0x55)
[UART RX] 'T'  (0x54)
[UART RX] 'E'  (0x45)
[UART RX] '\n'
[UART TX @ 350000] 'A'  (0x41)
[UART TX @ 350000] '\n'
[UART TX @ 350000] ' '  (0x20)
[UART TX @ 350000] 'o'  (0x6F)
[UART TX @ 350000] 'k'  (0x6B)
[UART TX @ 350000] '\n'
[UART RX] ':'  (0x3A)
[UART RX] 'N'  (0x4E)
[UART RX] 'O'  (0x4F)
[UART RX] 'N'  (0x4E)
[UART RX] 'A'  (0x41)
[UART RX] 'M'  (0x4D)
[UART RX] 'E'  (0x45)
[UART RX] ' '  (0x20)
[UART RX] '4'  (0x34)
[UART RX] '9'  (0x39)
[UART RX] ' '  (0x20)
[UART RX] '5'  (0x35)
[UART RX] '0'  (0x30)
[UART RX] ' '  (0x20)
[UART RX] '5'  (0x35)
[UART RX] '1'  (0x31)
[UART RX] ' '  (0x20)
[UART RX] 'E'  (0x45)
[UART RX] 'M'  (0x4D)
[UART RX] 'I'  (0x49)
[UART RX] 'T'  (0x54)
[UART RX] ' '  (0x20)
[UART RX] 'E'  (0x45)
[UART RX] 'M'  (0x4D)
[UART RX] 'I'  (0x49)
[UART RX] 'T'  (0x54)
[UART RX] ' '  (0x20)
[UART RX] 'E'  (0x45)
[UART RX] 'M'  (0x4D)
[UART RX] 'I'  (0x49)
[UART RX] 'T'  (0x54)
[UART RX] ' '  (0x20)
[UART RX] '1'  (0x31)
[UART RX] '0'  (0x30)
[UART RX] ' '  (0x20)
[UART RX] 'E'  (0x45)
[UART RX] 'M'  (0x4D)
[UART RX] 'I'  (0x49)
[UART RX] 'T'  (0x54)
[UART RX] ' '  (0x20)
[UART RX] ';'  (0x3B)
[UART RX] ' '  (0x20)
[UART RX] 'E'  (0x45)
[UART RX] 'X'  (0x58)
[UART RX] 'E'  (0x45)
[UART RX] 'C'  (0x43)
[UART RX] 'U'  (0x55)
[UART RX] 'T'  (0x54)
[UART RX] 'E'  (0x45)
[UART RX] '\n'
[UART TX @ 850000] '3'  (0x33)
[UART TX @ 850000] '2'  (0x32)
[UART TX @ 850000] '1'  (0x31)
[UART TX @ 850000] '\n'
[UART TX @ 850000] ' '  (0x20)
[UART TX @ 850000] 'o'  (0x6F)
[UART TX @ 850000] 'k'  (0x6B)
[UART TX @ 850000] '\n'
[UART RX] ':'  (0x3A)
[UART RX] 'N'  (0x4E)
[UART RX] 'O'  (0x4F)
[UART RX] 'N'  (0x4E)
[UART RX] 'A'  (0x41)
[UART RX] 'M'  (0x4D)
[UART RX] 'E'  (0x45)
[UART RX] ' '  (0x20)
[UART RX] '5'  (0x35)
[UART RX] ' '  (0x20)
[UART RX] '0'  (0x30)
[UART RX] ' '  (0x20)
[UART RX] '<'  (0x3C)
[UART RX] ' '  (0x20)
[UART RX] 'I'  (0x49)
[UART RX] 'F'  (0x46)
[UART RX] ' '  (0x20)
[UART RX] '7'  (0x37)
[UART RX] '8'  (0x38)
[UART RX] ' '  (0x20)
[UART RX] 'E'  (0x45)
[UART RX] 'L'  (0x4C)
[UART RX] 'S'  (0x53)
[UART RX] 'E'  (0x45)
[UART RX] ' '  (0x20)
[UART RX] '8'  (0x38)
[UART RX] '0'  (0x30)
[UART RX] ' '  (0x20)
[UART RX] 'T'  (0x54)
[UART RX] 'H'  (0x48)
[UART RX] 'E'  (0x45)
[UART RX] 'N'  (0x4E)
[UART RX] ' '  (0x20)
[UART RX] 'E'  (0x45)
[UART RX] 'M'  (0x4D)
[UART RX] 'I'  (0x49)
[UART RX] 'T'  (0x54)
[UART RX] ' '  (0x20)
[UART RX] '1'  (0x31)
[UART RX] '0'  (0x30)
[UART RX] ' '  (0x20)
[UART RX] 'E'  (0x45)
[UART RX] 'M'  (0x4D)
[UART RX] 'I'  (0x49)
[UART RX] 'T'  (0x54)
[UART RX] ' '  (0x20)
[UART RX] ';'  (0x3B)
[UART RX] ' '  (0x20)
[UART RX] 'D'  (0x44)
[UART RX] 'U'  (0x55)
[UART RX] 'P'  (0x50)
[UART RX] ' '  (0x20)
[UART RX] 'E'  (0x45)
[UART RX] 'X'  (0x58)
[UART RX] 'E'  (0x45)
[UART RX] 'C'  (0x43)
[UART RX] 'U'  (0x55)
[UART RX] 'T'  (0x54)
[UART RX] 'E'  (0x45)
[UART RX] ' '  (0x20)
[UART TX @ 1450000] 'P'  (0x50)
[UART TX @ 1450000] '\n'
[UART RX] 'E'  (0x45)
[UART RX] 'X'  (0x58)
[UART RX] 'E'  (0x45)
[UART RX] 'C'  (0x43)
[UART RX] 'U'  (0x55)
[UART RX] 'T'  (0x54)
[UART RX] 'E'  (0x45)
[UART RX] '\n'
[UART TX @ 1530000] 'P'  (0x50)
[UART TX @ 1530000] '\n'
[UART TX @ 1530000] ' '  (0x20)
[UART TX @ 1530000] 'o'  (0x6F)
[UART TX @ 1530000] 'k'  (0x6B)
[UART TX @ 1530000] '\n'

UART output: A
 ok
321
 ok
P
P
 ok


Executed 100000000 instructions
