Assembled 3879 bytes
Running (speed: max IPS, time limit: 10s)...

[UART RX] '\'  (0x5C)
[UART RX] ' '  (0x20)
[UART RX] 'F'  (0x46)
[UART RX] 'i'  (0x69)
[UART RX] 'b'  (0x62)
[UART RX] 'o'  (0x6F)
[UART RX] 'n'  (0x6E)
[UART RX] 'a'  (0x61)
[UART RX] 'c'  (0x63)
[UART RX] 'c'  (0x63)
[UART RX] 'i'  (0x69)
[UART RX] ' '  (0x20)
[UART RX] ''  (0x14)
[UART RX] ' '  (0x20)
[UART RX] 'd'  (0x64)
[UART RX] 'e'  (0x65)
[UART RX] 'f'  (0x66)
[UART RX] 'i'  (0x69)
[UART RX] 'n'  (0x6E)
[UART RX] 'e'  (0x65)
[UART RX] 's'  (0x73)
[UART RX] ' '  (0x20)
[UART RX] '2'  (0x32)
[UART RX] 'D'  (0x44)
[UART RX] 'U'  (0x55)
[UART RX] 'P'  (0x50)
[UART RX] ' '  (0x20)
[UART RX] '2'  (0x32)
[UART RX] 'D'  (0x44)
[UART RX] 'R'  (0x52)
[UART RX] 'O'  (0x4F)
[UART RX] 'P'  (0x50)
[UART RX] ' '  (0x20)
[UART RX] '2'  (0x32)
[UART RX] 'S'  (0x53)
[UART RX] 'W'  (0x57)
[UART RX] 'A'  (0x41)
[UART RX] 'P'  (0x50)
[UART RX] ' '  (0x20)
[UART RX] '2'  (0x32)
[UART RX] 'O'  (0x4F)
[UART RX] 'V'  (0x56)
[UART RX] 'E'  (0x45)
[UART RX] 'R'  (0x52)
[UART RX] ' '  (0x20)
[UART RX] 'N'  (0x4E)
[UART RX] 'I'  (0x49)
[UART RX] 'P'  (0x50)
[UART RX] ' '  (0x20)
[UART RX] 'T'  (0x54)
[UART RX] 'U'  (0x55)
[UART RX] 'C'  (0x43)
[UART RX] 'K'  (0x4B)
[UART RX] ' '  (0x20)
[UART RX] '1'  (0x31)
[UART RX] '+'  (0x2B)
[UART RX] ' '  (0x20)
[UART RX] '1'  (0x31)
[UART RX] '-'  (0x2D)
[UART RX] ' '  (0x20)
[UART RX] 'a'  (0x61)
[UART RX] 'n'  (0x6E)
[UART RX] 'd'  (0x64)
[UART RX] ' '  (0x20)
[UART RX] 'F'  (0x46)
[UART RX] 'I'  (0x49)
[UART RX] 'B'  (0x42)
[UART RX] ','  (0x2C)
[UART RX] '\n'
[UART TX @ 700000] ' '  (0x20)
[UART TX @ 700000] 'o'  (0x6F)
[UART TX @ 700000] 'k'  (0x6B)
[UART TX @ 700000] '\n'
[UART RX] '\'  (0x5C)
[UART RX] ' '  (0x20)
[UART RX] 't'  (0x74)
[UART RX] 'h'  (0x68)
[UART RX] 'e'  (0x65)
[UART RX] 'n'  (0x6E)
[UART RX] ' '  (0x20)
[UART RX] 'p'  (0x70)
[UART RX] 'r'  (0x72)
[UART RX] 'i'  (0x69)
[UART RX] 'n'  (0x6E)
[UART RX] 't'  (0x74)
[UART RX] 's'  (0x73)
[UART RX] ' '  (0x20)
[UART RX] 'F'  (0x46)
[UART RX] 'I'  (0x49)
[UART RX] 'B'  (0x42)
[UART RX] '('  (0x28)
[UART RX] '0'  (0x30)
[UART RX] ')'  (0x29)
[UART RX] '.'  (0x2E)
[UART RX] '.'  (0x2E)
[UART RX] 'F'  (0x46)
[UART RX] 'I'  (0x49)
[UART RX] 'B'  (0x42)
[UART RX] '('  (0x28)
[UART RX] '1'  (0x31)
[UART RX] '0'  (0x30)
[UART RX] ')'  (0x29)
[UART RX] '.'  (0x2E)
[UART RX] ' '  (0x20)
[UART RX] 'T'  (0x54)
[UART RX] 'h'  (0x68)
[UART RX] 'i'  (0x69)
[UART RX] 's'  (0x73)
[UART RX] ' '  (0x20)
[UART RX] 'd'  (0x64)
[UART RX] 'e'  (0x65)
[UART RX] 'f'  (0x66)
[UART RX] 'i'  (0x69)
[UART RX] 'n'  (0x6E)
[UART RX] 'i'  (0x69)
[UART RX] 't'  (0x74)
[UART RX] 'i'  (0x69)
[UART RX] 'o'  (0x6F)
[UART RX] 'n'  (0x6E)
[UART RX] ' '  (0x20)
[UART RX] 'i'  (0x69)
[UART RX] 's'  (0x73)
[UART RX] ' '  (0x20)
[UART RX] '1'  (0x31)
[UART RX] '-'  (0x2D)
[UART RX] 'i'  (0x69)
[UART RX] 'n'  (0x6E)
[UART RX] 'd'  (0x64)
[UART RX] 'e'  (0x65)
[UART RX] 'x'  (0x78)
[UART RX] 'e'  (0x65)
[UART RX] 'd'  (0x64)
[UART RX] ':'  (0x3A)
[UART RX] '\n'
[UART TX @ 1310000] ' '  (0x20)
[UART TX @ 1310000] 'o'  (0x6F)
[UART TX @ 1310000] 'k'  (0x6B)
[UART TX @ 1310000] '\n'
[UART RX] '\'  (0x5C)
[UART RX] ' '  (0x20)
[UART RX] 'F'  (0x46)
[UART RX] 'I'  (0x49)
[UART RX] 'B'  (0x42)
[UART RX] '('  (0x28)
[UART RX] '0'  (0x30)
[UART RX] ')'  (0x29)
[UART RX] '='  (0x3D)
[UART RX] '1'  (0x31)
[UART RX] ' '  (0x20)
[UART RX] 'F'  (0x46)
[UART RX] 'I'  (0x49)
[UART RX] 'B'  (0x42)
[UART RX] '('  (0x28)
[UART RX] '1'  (0x31)
[UART RX] ')'  (0x29)
[UART RX] '='  (0x3D)
[UART RX] '1'  (0x31)
[UART RX] ' '  (0x20)
[UART RX] 'F'  (0x46)
[UART RX] 'I'  (0x49)
[UART RX] 'B'  (0x42)
[UART RX] '('  (0x28)
[UART RX] '2'  (0x32)
[UART RX] ')'  (0x29)
[UART RX] '='  (0x3D)
[UART RX] '2'  (0x32)
[UART RX] ' '  (0x20)
[UART RX] 'F'  (0x46)
[UART RX] 'I'  (0x49)
[UART RX] 'B'  (0x42)
[UART RX] '('  (0x28)
[UART RX] '3'  (0x33)
[UART RX] ')'  (0x29)
[UART RX] '='  (0x3D)
[UART RX] '3'  (0x33)
[UART RX] ' '  (0x20)
[UART RX] 'F'  (0x46)
[UART RX] 'I'  (0x49)
[UART RX] 'B'  (0x42)
[UART RX] '('  (0x28)
[UART RX] '4'  (0x34)
[UART RX] ')'  (0x29)
[UART RX] '='  (0x3D)
[UART RX] '5'  (0x35)
[UART RX] ' '  (0x20)
[UART RX] '.'  (0x2E)
[UART RX] '.'  (0x2E)
[UART RX] '.'  (0x2E)
[UART RX] '\n'
[UART TX @ 1820000] ' '  (0x20)
[UART TX @ 1820000] 'o'  (0x6F)
[UART TX @ 1820000] 'k'  (0x6B)
[UART TX @ 1820000] '\n'
[UART RX] ':'  (0x3A)
[UART RX] ' '  (0x20)
[UART RX] '2'  (0x32)
[UART RX] 'D'  (0x44)
[UART RX] 'U'  (0x55)
[UART RX] 'P'  (0x50)
[UART RX] ' '  (0x20)
[UART RX] ' '  (0x20)
[UART RX] 'O'  (0x4F)
[UART RX] 'V'  (0x56)
[UART RX] 'E'  (0x45)
[UART RX] 'R'  (0x52)
[UART RX] ' '  (0x20)
[UART RX] 'O'  (0x4F)
[UART RX] 'V'  (0x56)
[UART RX] 'E'  (0x45)
[UART RX] 'R'  (0x52)
[UART RX] ' '  (0x20)
[UART RX] ';'  (0x3B)
[UART RX] '\n'
[UART TX @ 2020000] ' '  (0x20)
[UART TX @ 2020000] 'o'  (0x6F)
[UART TX @ 2020000] 'k'  (0x6B)
[UART TX @ 2020000] '\n'
[UART RX] ':'  (0x3A)
[UART RX] ' '  (0x20)
[UART RX] '2'  (0x32)
[UART RX] 'D'  (0x44)
[UART RX] 'R'  (0x52)
[UART RX] 'O'  (0x4F)
[UART RX] 'P'  (0x50)
[UART RX] ' '  (0x20)
[UART RX] 'D'  (0x44)
[UART RX] 'R'  (0x52)
[UART RX] 'O'  (0x4F)
[UART RX] 'P'  (0x50)
[UART RX] ' '  (0x20)
[UART RX] 'D'  (0x44)
[UART RX] 'R'  (0x52)
[UART RX] 'O'  (0x4F)
[UART RX] 'P'  (0x50)
[UART RX] ' '  (0x20)
[UART RX] ';'  (0x3B)
[UART RX] '\n'
[UART TX @ 2220000] ' '  (0x20)
[UART TX @ 2220000] 'o'  (0x6F)
[UART TX @ 2220000] 'k'  (0x6B)
[UART TX @ 2220000] '\n'
[UART RX] ':'  (0x3A)
[UART RX] ' '  (0x20)
[UART RX] '2'  (0x32)
[UART RX] 'S'  (0x53)
[UART RX] 'W'  (0x57)
[UART RX] 'A'  (0x41)
[UART RX] 'P'  (0x50)
[UART RX] ' '  (0x20)
[UART RX] '>'  (0x3E)
[UART RX] 'R'  (0x52)
[UART RX] ' '  (0x20)
[UART RX] '>'  (0x3E)
[UART RX] 'R'  (0x52)
[UART RX] ' '  (0x20)
[UART RX] 'S'  (0x53)
[UART RX] 'W'  (0x57)
[UART RX] 'A'  (0x41)
[UART RX] 'P'  (0x50)
[UART RX] ' '  (0x20)
[UART RX] 'R'  (0x52)
[UART RX] '>'  (0x3E)
[UART RX] ' '  (0x20)
[UART RX] 'R'  (0x52)
[UART RX] '>'  (0x3E)
[UART RX] ' '  (0x20)
[UART RX] 'S'  (0x53)
[UART RX] 'W'  (0x57)
[UART RX] 'A'  (0x41)
[UART RX] 'P'  (0x50)
[UART RX] ' '  (0x20)
[UART RX] ';'  (0x3B)
[UART RX] '\n'
[UART TX @ 2540000] ' '  (0x20)
[UART TX @ 2540000] 'o'  (0x6F)
[UART TX @ 2540000] 'k'  (0x6B)
[UART TX @ 2540000] '\n'
[UART RX] ':'  (0x3A)
[UART RX] ' '  (0x20)
[UART RX] '2'  (0x32)
[UART RX] 'O'  (0x4F)
[UART RX] 'V'  (0x56)
[UART RX] 'E'  (0x45)
[UART RX] 'R'  (0x52)
[UART RX] ' '  (0x20)
[UART RX] '>'  (0x3E)
[UART RX] 'R'  (0x52)
[UART RX] ' '  (0x20)
[UART RX] '>'  (0x3E)
[UART RX] 'R'  (0x52)
[UART RX] ' '  (0x20)
[UART RX] 'O'  (0x4F)
[UART RX] 'V'  (0x56)
[UART RX] 'E'  (0x45)
[UART RX] 'R'  (0x52)
[UART RX] ' '  (0x20)
[UART RX] 'O'  (0x4F)
[UART RX] 'V'  (0x56)
[UART RX] 'E'  (0x45)
[UART RX] 'R'  (0x52)
[UART RX] ' '  (0x20)
[UART RX] 'R'  (0x52)
[UART RX] '>'  (0x3E)
[UART RX] ' '  (0x20)
[UART RX] 'S'  (0x53)
[UART RX] 'W'  (0x57)
[UART RX] 'A'  (0x41)
[UART RX] 'P'  (0x50)
[UART RX] ' '  (0x20)
[UART RX] 'R'  (0x52)
[UART RX] '>'  (0x3E)
[UART RX] ' '  (0x20)
[UART RX] 'S'  (0x53)
[UART RX] 'W'  (0x57)
[UART RX] 'A'  (0x41)
[UART RX] 'P'  (0x50)
[UART RX] ' '  (0x20)
[UART RX] ';'  (0x3B)
[UART RX] '\n'
[UART TX @ 2960000] ' '  (0x20)
[UART TX @ 2960000] 'o'  (0x6F)
[UART TX @ 2960000] 'k'  (0x6B)
[UART TX @ 2960000] '\n'
[UART RX] ':'  (0x3A)
[UART RX] ' '  (0x20)
[UART RX] 'N'  (0x4E)
[UART RX] 'I'  (0x49)
[UART RX] 'P'  (0x50)
[UART RX] ' '  (0x20)
[UART RX] ' '  (0x20)
[UART RX] ' '  (0x20)
[UART RX] 'S'  (0x53)
[UART RX] 'W'  (0x57)
[UART RX] 'A'  (0x41)
[UART RX] 'P'  (0x50)
[UART RX] ' '  (0x20)
[UART RX] 'D'  (0x44)
[UART RX] 'R'  (0x52)
[UART RX] 'O'  (0x4F)
[UART RX] 'P'  (0x50)
[UART RX] ' '  (0x20)
[UART RX] ';'  (0x3B)
[UART RX] '\n'
[UART TX @ 3160000] ' '  (0x20)
[UART TX @ 3160000] 'o'  (0x6F)
[UART TX @ 3160000] 'k'  (0x6B)
[UART TX @ 3160000] '\n'
[UART RX] ':'  (0x3A)
[UART RX] ' '  (0x20)
[UART RX] 'T'  (0x54)
[UART RX] 'U'  (0x55)
[UART RX] 'C'  (0x43)
[UART RX] 'K'  (0x4B)
[UART RX] ' '  (0x20)
[UART RX] ' '  (0x20)
[UART RX] 'S'  (0x53)
[UART RX] 'W'  (0x57)
[UART RX] 'A'  (0x41)
[UART RX] 'P'  (0x50)
[UART RX] ' '  (0x20)
[UART RX] 'O'  (0x4F)
[UART RX] 'V'  (0x56)
[UART RX] 'E'  (0x45)
[UART RX] 'R'  (0x52)
[UART RX] ' '  (0x20)
[UART RX] ';'  (0x3B)
[UART RX] '\n'
[UART TX @ 3360000] ' '  (0x20)
[UART TX @ 3360000] 'o'  (0x6F)
[UART TX @ 3360000] 'k'  (0x6B)
[UART TX @ 3360000] '\n'
[UART RX] ':'  (0x3A)
[UART RX] ' '  (0x20)
[UART RX] '1'  (0x31)
[UART RX] '+'  (0x2B)
[UART RX] ' '  (0x20)
[UART RX] ' '  (0x20)
[UART RX] ' '  (0x20)
[UART RX] ' '  (0x20)
[UART RX] '1'  (0x31)
[UART RX] ' '  (0x20)
[UART RX] '+'  (0x2B)
[UART RX] ' '  (0x20)
[UART RX] ';'  (0x3B)
[UART RX] '\n'
[UART TX @ 3500000] ' '  (0x20)
[UART TX @ 3500000] 'o'  (0x6F)
[UART TX @ 3500000] 'k'  (0x6B)
[UART TX @ 3500000] '\n'
[UART RX] ':'  (0x3A)
[UART RX] ' '  (0x20)
[UART RX] '1'  (0x31)
[UART RX] '-'  (0x2D)
[UART RX] ' '  (0x20)
[UART RX] ' '  (0x20)
[UART RX] ' '  (0x20)
[UART RX] ' '  (0x20)
[UART RX] '1'  (0x31)
[UART RX] ' '  (0x20)
[UART RX] '-'  (0x2D)
[UART RX] ' '  (0x20)
[UART RX] ';'  (0x3B)
[UART RX] '\n'
[UART TX @ 3640000] ' '  (0x20)
[UART TX @ 3640000] 'o'  (0x6F)
[UART TX @ 3640000] 'k'  (0x6B)
[UART TX @ 3640000] '\n'
[UART RX] ':'  (0x3A)
[UART RX] ' '  (0x20)
[UART RX] 'F'  (0x46)
[UART RX] 'I'  (0x49)
[UART RX] 'B'  (0x42)
[UART RX] ' '  (0x20)
[UART RX] '('  (0x28)
[UART RX] ' '  (0x20)
[UART RX] 'n'  (0x6E)
[UART RX] ' '  (0x20)
[UART RX] '-'  (0x2D)
[UART RX] '-'  (0x2D)
[UART RX] ' '  (0x20)
[UART RX] 'f'  (0x66)
[UART RX] ' '  (0x20)
[UART RX] ')'  (0x29)
[UART RX] '\n'
[UART RX] ' '  (0x20)
[UART RX] ' '  (0x20)
[UART RX] '>'  (0x3E)
[UART RX] 'R'  (0x52)
[UART RX] ' '  (0x20)
[UART RX] '0'  (0x30)
[UART RX] ' '  (0x20)
[UART RX] '1'  (0x31)
[UART RX] ' '  (0x20)
[UART RX] 'R'  (0x52)
[UART RX] '>'  (0x3E)
[UART RX] '\n'
[UART RX] ' '  (0x20)
[UART RX] ' '  (0x20)
[UART RX] 'B'  (0x42)
[UART RX] 'E'  (0x45)
[UART RX] 'G'  (0x47)
[UART RX] 'I'  (0x49)
[UART RX] 'N'  (0x4E)
[UART RX] '\n'
[UART RX] ' '  (0x20)
[UART RX] ' '  (0x20)
[UART RX] ' '  (0x20)
[UART RX] ' '  (0x20)
[UART RX] 'D'  (0x44)
[UART RX] 'U'  (0x55)
[UART RX] 'P'  (0x50)
[UART RX] ' '  (0x20)
[UART RX] '0'  (0x30)
[UART RX] '='  (0x3D)
[UART RX] '\n'
[UART RX] ' '  (0x20)
[UART RX] ' '  (0x20)
[UART RX] ' '  (0x20)
[UART RX] ' '  (0x20)
[UART RX] 'I'  (0x49)
[UART RX] 'F'  (0x46)
[UART RX] '\n'
[UART RX] ' '  (0x20)
[UART RX] ' '  (0x20)
[UART RX] ' '  (0x20)
[UART RX] ' '  (0x20)
[UART RX] ' '  (0x20)
[UART RX] ' '  (0x20)
[UART RX] 'D'  (0x44)
[UART RX] 'R'  (0x52)
[UART RX] 'O'  (0x4F)
[UART RX] 'P'  (0x50)
[UART RX] '\n'
[UART RX] ' '  (0x20)
[UART RX] ' '  (0x20)
[UART RX] ' '  (0x20)
[UART RX] ' '  (0x20)
[UART RX] ' '  (0x20)
[UART RX] ' '  (0x20)
[UART RX] 'N'  (0x4E)
[UART RX] 'I'  (0x49)
[UART RX] 'P'  (0x50)
[UART RX] '\n'
[UART RX] ' '  (0x20)
[UART RX] ' '  (0x20)
[UART RX] ' '  (0x20)
[UART RX] ' '  (0x20)
[UART RX] ' '  (0x20)
[UART RX] ' '  (0x20)
[UART RX] 'E'  (0x45)
[UART RX] 'X'  (0x58)
[UART RX] 'I'  (0x49)
[UART RX] 'T'  (0x54)
[UART RX] '\n'
[UART RX] ' '  (0x20)
[UART RX] ' '  (0x20)
[UART RX] ' '  (0x20)
[UART RX] ' '  (0x20)
[UART RX] 'T'  (0x54)
[UART RX] 'H'  (0x48)
[UART RX] 'E'  (0x45)
[UART RX] 'N'  (0x4E)
[UART RX] '\n'
[UART RX] ' '  (0x20)
[UART RX] ' '  (0x20)
[UART RX] ' '  (0x20)
[UART RX] ' '  (0x20)
[UART RX] '>'  (0x3E)
[UART RX] 'R'  (0x52)
[UART RX] '\n'
[UART RX] ' '  (0x20)
[UART RX] ' '  (0x20)
[UART RX] ' '  (0x20)
[UART RX] ' '  (0x20)
[UART RX] 'T'  (0x54)
[UART RX] 'U'  (0x55)
[UART RX] 'C'  (0x43)
[UART RX] 'K'  (0x4B)
[UART RX] ' '  (0x20)
[UART RX] '+'  (0x2B)
[UART RX] '\n'
[UART RX] ' '  (0x20)
[UART RX] ' '  (0x20)
[UART RX] ' '  (0x20)
[UART RX] ' '  (0x20)
[UART RX] 'R'  (0x52)
[UART RX] '>'  (0x3E)
[UART RX] ' '  (0x20)
[UART RX] '1'  (0x31)
[UART RX] '-'  (0x2D)
[UART RX] '\n'
[UART RX] ' '  (0x20)
[UART RX] ' '  (0x20)
[UART RX] ' '  (0x20)
[UART RX] ' '  (0x20)
[UART RX] '0'  (0x30)
[UART RX] '\n'
[UART RX] ' '  (0x20)
[UART RX] ' '  (0x20)
[UART RX] 'U'  (0x55)
[UART RX] 'N'  (0x4E)
[UART RX] 'T'  (0x54)
[UART RX] 'I'  (0x49)
[UART RX] 'L'  (0x4C)
[UART RX] '\n'
[UART RX] ';'  (0x3B)
[UART RX] '\n'
[UART TX @ 5040000] ' '  (0x20)
[UART TX @ 5040000] 'o'  (0x6F)
[UART TX @ 5040000] 'k'  (0x6B)
[UART TX @ 5040000] '\n'
[UART RX] '0'  (0x30)
[UART RX] ' '  (0x20)
[UART RX] 'F'  (0x46)
[UART RX] 'I'  (0x49)
[UART RX] 'B'  (0x42)
[UART RX] ' '  (0x20)
[UART RX] '.'  (0x2E)
[UART RX] '\n'
[UART TX @ 5120000] '1'  (0x31)
[UART TX @ 5120000] ' '  (0x20)
[UART TX @ 5120000] ' '  (0x20)
[UART TX @ 5120000] 'o'  (0x6F)
[UART TX @ 5120000] 'k'  (0x6B)
[UART TX @ 5120000] '\n'
[UART RX] '1'  (0x31)
[UART RX] ' '  (0x20)
[UART RX] 'F'  (0x46)
[UART RX] 'I'  (0x49)
[UART RX] 'B'  (0x42)
[UART RX] ' '  (0x20)
[UART RX] '.'  (0x2E)
[UART RX] '\n'
[UART TX @ 5200000] '1'  (0x31)
[UART TX @ 5200000] ' '  (0x20)
[UART TX @ 5200000] ' '  (0x20)
[UART TX @ 5200000] 'o'  (0x6F)
[UART TX @ 5200000] 'k'  (0x6B)
[UART TX @ 5200000] '\n'
[UART RX] '2'  (0x32)
[UART RX] ' '  (0x20)
[UART RX] 'F'  (0x46)
[UART RX] 'I'  (0x49)
[UART RX] 'B'  (0x42)
[UART RX] ' '  (0x20)
[UART RX] '.'  (0x2E)
[UART RX] '\n'
[UART TX @ 5280000] '2'  (0x32)
[UART TX @ 5280000] ' '  (0x20)
[UART TX @ 5280000] ' '  (0x20)
[UART TX @ 5280000] 'o'  (0x6F)
[UART TX @ 5280000] 'k'  (0x6B)
[UART TX @ 5280000] '\n'
[UART RX] '3'  (0x33)
[UART RX] ' '  (0x20)
[UART RX] 'F'  (0x46)
[UART RX] 'I'  (0x49)
[UART RX] 'B'  (0x42)
[UART RX] ' '  (0x20)
[UART RX] '.'  (0x2E)
[UART RX] '\n'
[UART TX @ 5360000] '3'  (0x33)
[UART TX @ 5360000] ' '  (0x20)
[UART TX @ 5360000] ' '  (0x20)
[UART TX @ 5360000] 'o'  (0x6F)
[UART TX @ 5360000] 'k'  (0x6B)
[UART TX @ 5360000] '\n'
[UART RX] '4'  (0x34)
[UART RX] ' '  (0x20)
[UART RX] 'F'  (0x46)
[UART RX] 'I'  (0x49)
[UART RX] 'B'  (0x42)
[UART RX] ' '  (0x20)
[UART RX] '.'  (0x2E)
[UART RX] '\n'
[UART TX @ 5440000] '5'  (0x35)
[UART TX @ 5440000] ' '  (0x20)
[UART TX @ 5440000] ' '  (0x20)
[UART TX @ 5440000] 'o'  (0x6F)
[UART TX @ 5440000] 'k'  (0x6B)
[UART TX @ 5440000] '\n'
[UART RX] '5'  (0x35)
[UART RX] ' '  (0x20)
[UART RX] 'F'  (0x46)
[UART RX] 'I'  (0x49)
[UART RX] 'B'  (0x42)
[UART RX] ' '  (0x20)
[UART RX] '.'  (0x2E)
[UART RX] '\n'
[UART TX @ 5520000] '8'  (0x38)
[UART TX @ 5520000] ' '  (0x20)
[UART TX @ 5520000] ' '  (0x20)
[UART TX @ 5520000] 'o'  (0x6F)
[UART TX @ 5520000] 'k'  (0x6B)
[UART TX @ 5520000] '\n'
[UART RX] '6'  (0x36)
[UART RX] ' '  (0x20)
[UART RX] 'F'  (0x46)
[UART RX] 'I'  (0x49)
[UART RX] 'B'  (0x42)
[UART RX] ' '  (0x20)
[UART RX] '.'  (0x2E)
[UART RX] '\n'
[UART TX @ 5600000] '1'  (0x31)
[UART TX @ 5600000] '3'  (0x33)
[UART TX @ 5600000] ' '  (0x20)
[UART TX @ 5600000] ' '  (0x20)
[UART TX @ 5600000] 'o'  (0x6F)
[UART TX @ 5600000] 'k'  (0x6B)
[UART TX @ 5600000] '\n'
[UART RX] '7'  (0x37)
[UART RX] ' '  (0x20)
[UART RX] 'F'  (0x46)
[UART RX] 'I'  (0x49)
[UART RX] 'B'  (0x42)
[UART RX] ' '  (0x20)
[UART RX] '.'  (0x2E)
[UART RX] '\n'
[UART TX @ 5680000] '2'  (0x32)
[UART TX @ 5680000] '1'  (0x31)
[UART TX @ 5680000] ' '  (0x20)
[UART TX @ 5680000] ' '  (0x20)
[UART TX @ 5680000] 'o'  (0x6F)
[UART TX @ 5680000] 'k'  (0x6B)
[UART TX @ 5680000] '\n'
[UART RX] '8'  (0x38)
[UART RX] ' '  (0x20)
[UART RX] 'F'  (0x46)
[UART RX] 'I'  (0x49)
[UART RX] 'B'  (0x42)
[UART RX] ' '  (0x20)
[UART RX] '.'  (0x2E)
[UART RX] '\n'
[UART TX @ 5760000] '3'  (0x33)
[UART TX @ 5760000] '4'  (0x34)
[UART TX @ 5760000] ' '  (0x20)
[UART TX @ 5760000] ' '  (0x20)
[UART TX @ 5760000] 'o'  (0x6F)
[UART TX @ 5760000] 'k'  (0x6B)
[UART TX @ 5760000] '\n'
[UART RX] '9'  (0x39)
[UART RX] ' '  (0x20)
[UART RX] 'F'  (0x46)
[UART RX] 'I'  (0x49)
[UART RX] 'B'  (0x42)
[UART RX] ' '  (0x20)
[UART RX] '.'  (0x2E)
[UART RX] '\n'
[UART TX @ 5840000] '5'  (0x35)
[UART TX @ 5840000] '5'  (0x35)
[UART TX @ 5840000] ' '  (0x20)
[UART TX @ 5840000] ' '  (0x20)
[UART TX @ 5840000] 'o'  (0x6F)
[UART TX @ 5840000] 'k'  (0x6B)
[UART TX @ 5840000] '\n'
[UART RX] '1'  (0x31)
[UART RX] '0'  (0x30)
[UART RX] ' '  (0x20)
[UART RX] 'F'  (0x46)
[UART RX] 'I'  (0x49)
[UART RX] 'B'  (0x42)
[UART RX] ' '  (0x20)
[UART RX] '.'  (0x2E)
[UART RX] '\n'
[UART TX @ 5930000] '8'  (0x38)
[UART TX @ 5930000] '9'  (0x39)
[UART TX @ 5930000] ' '  (0x20)
[UART TX @ 5930000] ' '  (0x20)
[UART TX @ 5930000] 'o'  (0x6F)
[UART TX @ 5930000] 'k'  (0x6B)
[UART TX @ 5930000] '\n'

UART output:  ok
 ok
 ok
 ok
 ok
 ok
 ok
 ok
 ok
 ok
 ok
 ok
1  ok
1  ok
2  ok
3  ok
5  ok
8  ok
13  ok
21  ok
34  ok
55  ok
89  ok


Executed 40000000 instructions
